


ARM Macro Assembler    Page 1 


    1 00000000                 THUMB
    2 00000000                 AREA             |.text|, CODE, READONLY, ALIGN=
2
    3 00000000         
    4 00000000                 EXPORT           Teclas_Input
    5 00000000         
    6 00000000                 IMPORT           SysTick_Wait1us
    7 00000000                 IMPORT           SysTick_Wait1ms
    8 00000000         
    9 00000000         ;Retorna a multiplicação de A que está na
   10 00000000         ;memória pelo parâmetro recebido em R0 e
   11 00000000         ;retorna em R0 para a AAPCS
   12 00000000         Teclas_Input
   13 00000000 B500            PUSH             {LR}
   14 00000002         
   15 00000002 460C            MOV              R4, R1
   16 00000004 4601            MOV              R1, R0      ;Carrega o valor do
                                                             offset do data reg
                                                            ister
   17 00000006 4615            MOV              R5, R2
   18 00000008 6822            LDR              R2, [R4]
   19 0000000A         
   20 0000000A F04F 0247       MOV              R2, #2_01000111 ;transforma em 
                                                            saida
   21 0000000E 6022            STR              R2, [R4]
   22 00000010         
   23 00000010 682A            LDR              R2, [R5]    ;COLOCA 0 NA COLUNA
                                                            
   24 00000012 F022 0240       BIC              R2, #2_01000000
   25 00000016 602A            STR              R2, [R5]
   26 00000018         
   27 00000018 F04F 0001       MOV              R0, #1
   28 0000001C F7FF FFFE       BL               SysTick_Wait1ms
   29 00000020         
   30 00000020 680A            LDR              R2, [R1]
   31 00000022         
   32 00000022 2A0E            CMP              R2,#2_1110
   33 00000024 BF02            ITTT             EQ
   34 00000026 2003            MOVEQ            R0, #3
   35 00000028 F85D EB04       POPEQ            {LR}
   36 0000002C 4770            BXEQ             LR
   37 0000002E 2A0D            CMP              R2,#2_1101
   38 00000030 BF02            ITTT             EQ
   39 00000032 2006            MOVEQ            R0, #6
   40 00000034 F85D EB04       POPEQ            {LR}
   41 00000038 4770            BXEQ             LR
   42 0000003A 2A0B            CMP              R2,#2_1011
   43 0000003C BF02            ITTT             EQ
   44 0000003E 2009            MOVEQ            R0, #9
   45 00000040 F85D EB04       POPEQ            {LR}
   46 00000044 4770            BXEQ             LR
   47 00000046 2A07            CMP              R2,#2_0111
   48 00000048 BF02            ITTT             EQ
   49 0000004A 200B            MOVEQ            R0, #11
   50 0000004C F85D EB04       POPEQ            {LR}
   51 00000050 4770            BXEQ             LR
   52 00000052         
   53 00000052 F04F 0217       MOV              R2, #2_00010111 ;PRIMEIRA COLUN
                                                            A SAIDA



ARM Macro Assembler    Page 2 


   54 00000056 6022            STR              R2, [R4]
   55 00000058         
   56 00000058 682A            LDR              R2, [R5]    ;COLOCA 0 NA COLUNA
                                                            
   57 0000005A F022 0210       BIC              R2, R2, #2_00010000
   58 0000005E 602A            STR              R2, [R5]
   59 00000060         
   60 00000060 F04F 0001       MOV              R0, #1
   61 00000064 F7FF FFFE       BL               SysTick_Wait1ms
   62 00000068         
   63 00000068 680A            LDR              R2, [R1]    ;Lê no barramento d
                                                            e dados dos pinos [
                                                            J0]
   64 0000006A         
   65 0000006A 2A0E            CMP              R2,#2_1110
   66 0000006C BF02            ITTT             EQ
   67 0000006E 2001            MOVEQ            R0, #1
   68 00000070 F85D EB04       POPEQ            {LR}
   69 00000074 4770            BXEQ             LR
   70 00000076 2A0D            CMP              R2,#2_1101
   71 00000078 BF02            ITTT             EQ
   72 0000007A 2004            MOVEQ            R0, #4
   73 0000007C F85D EB04       POPEQ            {LR}
   74 00000080 4770            BXEQ             LR
   75 00000082 2A0B            CMP              R2,#2_1011
   76 00000084 BF02            ITTT             EQ
   77 00000086 2007            MOVEQ            R0, #7
   78 00000088 F85D EB04       POPEQ            {LR}
   79 0000008C 4770            BXEQ             LR
   80 0000008E 2A07            CMP              R2,#2_0111
   81 00000090 BF02            ITTT             EQ
   82 00000092 200A            MOVEQ            R0, #10
   83 00000094 F85D EB04       POPEQ            {LR}
   84 00000098 4770            BXEQ             LR
   85 0000009A         
   86 0000009A F04F 0227       MOV              R2, #2_00100111 ;transforma em 
                                                            saida
   87 0000009E 6022            STR              R2, [R4]
   88 000000A0         
   89 000000A0 682A            LDR              R2, [R5]    ;COLOCA 0 NA COLUNA
                                                            
   90 000000A2 F022 0220       BIC              R2, #2_00100000
   91 000000A6 602A            STR              R2, [R5]
   92 000000A8         
   93 000000A8 F04F 0001       MOV              R0, #1
   94 000000AC F7FF FFFE       BL               SysTick_Wait1ms
   95 000000B0         
   96 000000B0 680A            LDR              R2, [R1]
   97 000000B2         
   98 000000B2 2A0E            CMP              R2,#2_1110
   99 000000B4 BF02            ITTT             EQ
  100 000000B6 2002            MOVEQ            R0, #2
  101 000000B8 F85D EB04       POPEQ            {LR}
  102 000000BC 4770            BXEQ             LR
  103 000000BE 2A0D            CMP              R2,#2_1101
  104 000000C0 BF02            ITTT             EQ
  105 000000C2 2005            MOVEQ            R0, #5
  106 000000C4 F85D EB04       POPEQ            {LR}
  107 000000C8 4770            BXEQ             LR



ARM Macro Assembler    Page 3 


  108 000000CA 2A0B            CMP              R2,#2_1011
  109 000000CC BF02            ITTT             EQ
  110 000000CE 2008            MOVEQ            R0, #8
  111 000000D0 F85D EB04       POPEQ            {LR}
  112 000000D4 4770            BXEQ             LR
  113 000000D6 2A07            CMP              R2,#2_0111
  114 000000D8 BF02            ITTT             EQ
  115 000000DA 2000            MOVEQ            R0, #0
  116 000000DC F85D EB04       POPEQ            {LR}
  117 000000E0 4770            BXEQ             LR
  118 000000E2         
  119 000000E2         
  120 000000E2         
  121 000000E2 F04F 30FF       MOV              R0, #-1
  122 000000E6         
  123 000000E6 F85D EB04       POP{LR}
  124 000000EA         
  125 000000EA 4770            BX               LR
  126 000000EC         
  127 000000EC         ALIGN
  128 000000EC         END
                       
Command Line: --debug --xref --diag_suppress=9931 --cpu=Cortex-M4.fp.sp --apcs=
interwork --depend=.\objects\funcoes.d -o.\objects\funcoes.o -IC:\Users\icego\A
ppData\Local\Arm\Packs\Keil\TM4C_DFP\1.1.0\Device\Include\TM4C129 --predefine="
__EVAL SETA 1" --predefine="__UVISION_VERSION SETA 536" --predefine="TM4C1294NC
PDT SETA 1" --list=.\listings\funcoes.lst funcoes.s



ARM Macro Assembler    Page 1 Alphabetic symbol ordering
Relocatable symbols

.text 00000000

Symbol: .text
   Definitions
      At line 2 in file funcoes.s
   Uses
      None
Comment: .text unused
ALIGN 000000EC

Symbol: ALIGN
   Definitions
      At line 127 in file funcoes.s
   Uses
      None
Comment: ALIGN unused
END 000000EC

Symbol: END
   Definitions
      At line 128 in file funcoes.s
   Uses
      None
Comment: END unused
Teclas_Input 00000000

Symbol: Teclas_Input
   Definitions
      At line 12 in file funcoes.s
   Uses
      At line 4 in file funcoes.s
Comment: Teclas_Input used once
4 symbols



ARM Macro Assembler    Page 1 Alphabetic symbol ordering
External symbols

SysTick_Wait1ms 00000000

Symbol: SysTick_Wait1ms
   Definitions
      At line 7 in file funcoes.s
   Uses
      At line 28 in file funcoes.s
      At line 61 in file funcoes.s
      At line 94 in file funcoes.s

SysTick_Wait1us 00000000

Symbol: SysTick_Wait1us
   Definitions
      At line 6 in file funcoes.s
   Uses
      None
Comment: SysTick_Wait1us unused
2 symbols
340 symbols in table
